\BOOKMARK [1][-]{section.1}{Desarrolle un experimento \(mediante Telnet o analizador de paquetes\) que muestre si el servidor de HTTP agrega o quita informaci\363n a la que genera un programa CGI. Nota: deber\355a programar o utilizar un programa CGI para conocer exactamente lo que genera y deber\355a mostrar la informaci\363n que llega del lado del cliente, a nivel de HTTP o HTML \(preferentemente HTTP\).}{}% 1
\BOOKMARK [2][-]{subsection.1.1}{Experimento con modulo "requests" de python}{section.1}% 2
\BOOKMARK [2][-]{subsection.1.2}{Experimento desde Wireshark}{section.1}% 3
\BOOKMARK [2][-]{subsection.1.3}{Conclusion}{section.1}% 4
\BOOKMARK [1][-]{section.2}{Se debe desarrollar una aplicaci\363n que presente al usuario una p\341gina web con una opci\363n de carga de datos y una opci\363n de modificaci\363n de datos. La opci\363n de carga consistir\341 en mostrar un formulario con un conjunto de datos a completar y que luego almacene estos datos en un archivo de texto plano. Los datos son:}{}% 5
\BOOKMARK [2][-]{subsection.2.1}{Implementacion}{section.2}% 6
\BOOKMARK [2][-]{subsection.2.2}{Vista de la Aplicacion CGI}{section.2}% 7
\BOOKMARK [2][-]{subsection.2.3}{Conclusion}{section.2}% 8
\BOOKMARK [1][-]{section.3}{Agregue a la aplicaci\363n del ejercicio 3 cuatro posibilidades de consultas b\341sicas: por nombre y apellido \(pueden haber ``*''\), N\372mero de Alumno/Legajo \(puede ser un intervalo\), sexo, y edad \(puede ser un intervalo\). Los resultados deben mostrarse visualmente diferenciados. ej:}{}% 9
\BOOKMARK [2][-]{subsection.3.1}{Solucion}{section.3}% 10
\BOOKMARK [1][-]{section.4}{Agregue a la aplicaci\363n la consulta de valores totales por rango de edad \(0-20, 20-40, mas de 40\) y sexo.}{}% 11
\BOOKMARK [2][-]{subsection.4.1}{Impleentacion}{section.4}% 12
\BOOKMARK [2][-]{subsection.4.2}{Vista desde la aplicacion}{section.4}% 13
\BOOKMARK [1][-]{section.5}{Tome el c\363digo que se adjunta como Anexo 5 del apunte de AJAX y agregue las siguientes mejora de funcionalidad:}{}% 14
\BOOKMARK [1][-]{section.6}{DFS:}{}% 15
\BOOKMARK [2][-]{subsection.6.1}{NFS}{section.6}% 16
\BOOKMARK [3][-]{subsubsection.6.1.1}{Configuracion}{subsection.6.1}% 17
\BOOKMARK [3][-]{subsubsection.6.1.2}{Mapeo de ID}{subsection.6.1}% 18
\BOOKMARK [3][-]{subsubsection.6.1.3}{Exportacion}{subsection.6.1}% 19
\BOOKMARK [3][-]{subsubsection.6.1.4}{Montaje en Linux}{subsection.6.1}% 20
\BOOKMARK [2][-]{subsection.6.2}{SAMBA}{section.6}% 21
\BOOKMARK [3][-]{subsubsection.6.2.1}{Gesti\363n de usuarios}{subsection.6.2}% 22
\BOOKMARK [1][-]{section.7}{DNS:}{}% 23
